<?xml version="1.0" encoding="UTF-8"?>
<!-- Generated by org.testng.reporters.JUnitXMLReporter -->
<testsuite hostname="DESKTOP-6N2FK7G" name="Default test" tests="4" failures="0" timestamp="23 Feb 2023 18:45:01 GMT" time="12.306" errors="0">
  <testcase name="Helpform" time="2.25" classname="Academy.BaseElement"/>
  <testcase name="InvalidPassword" time="0.003" classname="Academy.BaseElement">
    <skipped/>
  </testcase> <!-- InvalidPassword -->
  <testcase name="Timer" time="0.479" classname="Academy.BaseElement"/>
  <testcase name="ValidPassword" time="9.525" classname="Academy.BaseElement"/>
</testsuite> <!-- Default test -->
