<?xml version="1.0" encoding="UTF-8"?>
<!-- Generated by org.testng.reporters.JUnitXMLReporter -->
<testsuite hostname="DESKTOP-6N2FK7G" name="Default test" tests="4" failures="0" timestamp="31 Jan 2023 18:43:44 GMT" time="30.523" errors="0">
  <testcase name="Helpform" time="7.093" classname="Academy.BaseElement"/>
  <testcase name="Timer" time="3.661" classname="Academy.BaseElement"/>
  <testcase name="ValidPassword" time="12.639" classname="Academy.BaseElement"/>
  <testcase name="InvalidPassword" time="0.002" classname="Academy.BaseElement">
    <skipped/>
  </testcase> <!-- InvalidPassword -->
</testsuite> <!-- Default test -->
