<?xml version="1.0" encoding="UTF-8"?>
<testng-results skipped="0" failed="1" total="4" passed="3">
  <reporter-output>
  </reporter-output>
  <suite name="Default suite" duration-ms="12306" started-at="2023-02-23T18:44:48Z" finished-at="2023-02-23T18:45:01Z">
    <groups>
    </groups>
    <test name="Default test" duration-ms="12306" started-at="2023-02-23T18:44:48Z" finished-at="2023-02-23T18:45:01Z">
      <class name="Academy.BaseElement">
        <test-method status="PASS" signature="setDriver()[pri:0, instance:Academy.BaseElement@3b81a1bc]" name="setDriver" is-config="true" duration-ms="3619" started-at="2023-02-24T00:44:45Z" finished-at="2023-02-24T00:44:48Z">
          <reporter-output>
          </reporter-output>
        </test-method> <!-- setDriver -->
        <test-method status="PASS" signature="Helpform()[pri:0, instance:Academy.BaseElement@3b81a1bc]" name="Helpform" duration-ms="2250" started-at="2023-02-24T00:44:48Z" finished-at="2023-02-24T00:44:51Z">
          <reporter-output>
          </reporter-output>
        </test-method> <!-- Helpform -->
        <test-method status="FAIL" signature="InvalidPassword(java.lang.String)[pri:0, instance:Academy.BaseElement@3b81a1bc]" name="InvalidPassword" duration-ms="0" started-at="2023-02-24T00:44:51Z" finished-at="2023-02-24T00:44:51Z">
          <exception class="org.testng.TestNGException">
            <message>
              <![CDATA[
Parameter 'password' is required by @Test on method InvalidPassword but has not been marked @Optional or defined
in C:\Users\HP\AppData\Local\Temp\testng-eclipse--222525763\testng-customsuite.xml]]>
            </message>
            <full-stacktrace>
              <![CDATA[org.testng.TestNGException: 
Parameter 'password' is required by @Test on method InvalidPassword but has not been marked @Optional or defined
in C:\Users\HP\AppData\Local\Temp\testng-eclipse--222525763\testng-customsuite.xml
	at org.testng.internal.Parameters.createParameters(Parameters.java:155)
	at org.testng.internal.Parameters.createParameters(Parameters.java:355)
	at org.testng.internal.Parameters.handleParameters(Parameters.java:447)
	at org.testng.internal.Invoker.handleParameters(Invoker.java:1383)
	at org.testng.internal.Invoker.createParameters(Invoker.java:1075)
	at org.testng.internal.Invoker.invokeTestMethods(Invoker.java:1180)
	at org.testng.internal.TestMethodWorker.invokeTestMethods(TestMethodWorker.java:127)
	at org.testng.internal.TestMethodWorker.run(TestMethodWorker.java:111)
	at org.testng.TestRunner.privateRun(TestRunner.java:767)
	at org.testng.TestRunner.run(TestRunner.java:617)
	at org.testng.SuiteRunner.runTest(SuiteRunner.java:334)
	at org.testng.SuiteRunner.runSequentially(SuiteRunner.java:329)
	at org.testng.SuiteRunner.privateRun(SuiteRunner.java:291)
	at org.testng.SuiteRunner.run(SuiteRunner.java:240)
	at org.testng.SuiteRunnerWorker.runSuite(SuiteRunnerWorker.java:52)
	at org.testng.SuiteRunnerWorker.run(SuiteRunnerWorker.java:86)
	at org.testng.TestNG.runSuitesSequentially(TestNG.java:1198)
	at org.testng.TestNG.runSuitesLocally(TestNG.java:1123)
	at org.testng.TestNG.run(TestNG.java:1031)
	at org.testng.remote.RemoteTestNG.run(RemoteTestNG.java:115)
	at org.testng.remote.RemoteTestNG.initAndRun(RemoteTestNG.java:207)
	at org.testng.remote.RemoteTestNG.main(RemoteTestNG.java:178)
]]>
            </full-stacktrace>
          </exception> <!-- org.testng.TestNGException -->
          <reporter-output>
          </reporter-output>
        </test-method> <!-- InvalidPassword -->
        <test-method status="PASS" signature="Timer()[pri:0, instance:Academy.BaseElement@3b81a1bc]" name="Timer" duration-ms="479" started-at="2023-02-24T00:44:51Z" finished-at="2023-02-24T00:44:51Z">
          <reporter-output>
          </reporter-output>
        </test-method> <!-- Timer -->
        <test-method status="PASS" signature="ValidPassword()[pri:0, instance:Academy.BaseElement@3b81a1bc]" name="ValidPassword" duration-ms="9525" started-at="2023-02-24T00:44:51Z" finished-at="2023-02-24T00:45:01Z">
          <reporter-output>
          </reporter-output>
        </test-method> <!-- ValidPassword -->
        <test-method status="PASS" signature="close()[pri:0, instance:Academy.BaseElement@3b81a1bc]" name="close" is-config="true" duration-ms="280" started-at="2023-02-24T00:45:01Z" finished-at="2023-02-24T00:45:01Z">
          <reporter-output>
          </reporter-output>
        </test-method> <!-- close -->
      </class> <!-- Academy.BaseElement -->
    </test> <!-- Default test -->
  </suite> <!-- Default suite -->
</testng-results>
